-------------------------------------------------------------------------------
Test set: lk.hotelManagement.backend.BackendApplicationTests
-------------------------------------------------------------------------------
Tests run: 1, Failures: 0, Errors: 1, Skipped: 0, Time elapsed: 7.405 s <<< FAILURE! - in lk.hotelManagement.backend.BackendApplicationTests
contextLoads  Time elapsed: 0.003 s  <<< ERROR!
java.lang.IllegalStateException: Failed to load ApplicationContext
Caused by: org.springframework.beans.factory.UnsatisfiedDependencyException: Error creating bean with name 'employeeController': Unsatisfied dependency expressed through field 'employeeService'; nested exception is org.springframework.beans.factory.UnsatisfiedDependencyException: Error creating bean with name 'employeeService': Unsatisfied dependency expressed through field 'employeeRepository'; nested exception is org.springframework.beans.factory.UnsatisfiedDependencyException: Error creating bean with name 'employeeRepository': Unsatisfied dependency expressed through field 'namedParameterJdbcTemplate'; nested exception is org.springframework.beans.factory.UnsatisfiedDependencyException: Error creating bean with name 'reservation-named-param-jdbc' defined in class path resource [lk/hotelManagement/backend/connection/DBConfig.class]: Unsatisfied dependency expressed through method 'namedParameterJdbcTemplate' parameter 0; nested exception is org.springframework.beans.factory.BeanCreationException: Error creating bean with name 'reservation-datasource' defined in class path resource [lk/hotelManagement/backend/connection/DBConfig.class]: Bean instantiation via factory method failed; nested exception is org.springframework.beans.BeanInstantiationException: Failed to instantiate [javax.sql.DataSource]: Factory method 'popsaxonyDataSource' threw exception; nested exception is com.zaxxer.hikari.pool.HikariPool$PoolInitializationException: Failed to initialize pool: Access denied for user 'root'@'localhost' (using password: NO)
Caused by: org.springframework.beans.factory.UnsatisfiedDependencyException: Error creating bean with name 'employeeService': Unsatisfied dependency expressed through field 'employeeRepository'; nested exception is org.springframework.beans.factory.UnsatisfiedDependencyException: Error creating bean with name 'employeeRepository': Unsatisfied dependency expressed through field 'namedParameterJdbcTemplate'; nested exception is org.springframework.beans.factory.UnsatisfiedDependencyException: Error creating bean with name 'reservation-named-param-jdbc' defined in class path resource [lk/hotelManagement/backend/connection/DBConfig.class]: Unsatisfied dependency expressed through method 'namedParameterJdbcTemplate' parameter 0; nested exception is org.springframework.beans.factory.BeanCreationException: Error creating bean with name 'reservation-datasource' defined in class path resource [lk/hotelManagement/backend/connection/DBConfig.class]: Bean instantiation via factory method failed; nested exception is org.springframework.beans.BeanInstantiationException: Failed to instantiate [javax.sql.DataSource]: Factory method 'popsaxonyDataSource' threw exception; nested exception is com.zaxxer.hikari.pool.HikariPool$PoolInitializationException: Failed to initialize pool: Access denied for user 'root'@'localhost' (using password: NO)
Caused by: org.springframework.beans.factory.UnsatisfiedDependencyException: Error creating bean with name 'employeeRepository': Unsatisfied dependency expressed through field 'namedParameterJdbcTemplate'; nested exception is org.springframework.beans.factory.UnsatisfiedDependencyException: Error creating bean with name 'reservation-named-param-jdbc' defined in class path resource [lk/hotelManagement/backend/connection/DBConfig.class]: Unsatisfied dependency expressed through method 'namedParameterJdbcTemplate' parameter 0; nested exception is org.springframework.beans.factory.BeanCreationException: Error creating bean with name 'reservation-datasource' defined in class path resource [lk/hotelManagement/backend/connection/DBConfig.class]: Bean instantiation via factory method failed; nested exception is org.springframework.beans.BeanInstantiationException: Failed to instantiate [javax.sql.DataSource]: Factory method 'popsaxonyDataSource' threw exception; nested exception is com.zaxxer.hikari.pool.HikariPool$PoolInitializationException: Failed to initialize pool: Access denied for user 'root'@'localhost' (using password: NO)
Caused by: org.springframework.beans.factory.UnsatisfiedDependencyException: Error creating bean with name 'reservation-named-param-jdbc' defined in class path resource [lk/hotelManagement/backend/connection/DBConfig.class]: Unsatisfied dependency expressed through method 'namedParameterJdbcTemplate' parameter 0; nested exception is org.springframework.beans.factory.BeanCreationException: Error creating bean with name 'reservation-datasource' defined in class path resource [lk/hotelManagement/backend/connection/DBConfig.class]: Bean instantiation via factory method failed; nested exception is org.springframework.beans.BeanInstantiationException: Failed to instantiate [javax.sql.DataSource]: Factory method 'popsaxonyDataSource' threw exception; nested exception is com.zaxxer.hikari.pool.HikariPool$PoolInitializationException: Failed to initialize pool: Access denied for user 'root'@'localhost' (using password: NO)
Caused by: org.springframework.beans.factory.BeanCreationException: Error creating bean with name 'reservation-datasource' defined in class path resource [lk/hotelManagement/backend/connection/DBConfig.class]: Bean instantiation via factory method failed; nested exception is org.springframework.beans.BeanInstantiationException: Failed to instantiate [javax.sql.DataSource]: Factory method 'popsaxonyDataSource' threw exception; nested exception is com.zaxxer.hikari.pool.HikariPool$PoolInitializationException: Failed to initialize pool: Access denied for user 'root'@'localhost' (using password: NO)
Caused by: org.springframework.beans.BeanInstantiationException: Failed to instantiate [javax.sql.DataSource]: Factory method 'popsaxonyDataSource' threw exception; nested exception is com.zaxxer.hikari.pool.HikariPool$PoolInitializationException: Failed to initialize pool: Access denied for user 'root'@'localhost' (using password: NO)
Caused by: com.zaxxer.hikari.pool.HikariPool$PoolInitializationException: Failed to initialize pool: Access denied for user 'root'@'localhost' (using password: NO)
Caused by: java.sql.SQLException: Access denied for user 'root'@'localhost' (using password: NO)

